#
# A fatal error has been detected by the Java Runtime Environment:
#
#  EXCEPTION_ACCESS_VIOLATION (0xc0000005) at pc=0x00007fff5107f92c, pid=11324, tid=3120
#
# JRE version: Java(TM) SE Runtime Environment (13.0.2+8) (build 13.0.2+8)
# Java VM: Java HotSpot(TM) 64-Bit Server VM (13.0.2+8, mixed mode, sharing, tiered, compressed oops, g1 gc, windows-amd64)
# Problematic frame:
# V  [jvm.dll+0x32f92c]
#
# No core dump will be written. Minidumps are not enabled by default on client versions of Windows
#
# If you would like to submit a bug report, please visit:
#   http://bugreport.java.com/bugreport/crash.jsp
#

---------------  S U M M A R Y ------------

Command Line: -agentlib:jdwp=transport=dt_socket,suspend=y,address=localhost:64932 -ea -javaagent:C:\Users\AJ078442\eclipse\jee-2019-12\eclipse\configuration\org.eclipse.osgi\411\0\.cp\lib\javaagent-shaded.jar -Dfile.encoding=UTF-8 org.eclipse.jdt.internal.junit.runner.RemoteTestRunner -version 3 -port 64930 -testLoaderClass org.eclipse.jdt.internal.junit5.runner.JUnit5TestLoader -loaderpluginname org.eclipse.jdt.junit5.runtime -classNames com.cerner.server.config.JwtAuthenticationEntryPointTest

Host: Intel(R) Core(TM) i5-8365U CPU @ 1.60GHz, 8 cores, 15G,  Windows 10 , 64 bit Build 18362 (10.0.18362.329)
Time: Tue Mar 31 16:35:37 2020 India Standard Time elapsed time: 352 seconds (0d 0h 5m 52s)

---------------  T H R E A D  ---------------

Current thread (0x0000013a65779800):  JavaThread "JDWP Transport Listener: dt_socket" daemon [_thread_in_vm, id=3120, stack(0x00000019fb800000,0x00000019fb900000)] _threads_hazard_ptr=0x0000013a682be860

Stack: [0x00000019fb800000,0x00000019fb900000],  sp=0x00000019fb8fecb0,  free space=1019k
Native frames: (J=compiled Java code, j=interpreted, Vv=VM code, C=native code)
V  [jvm.dll+0x32f92c]
V  [jvm.dll+0x331a1d]
V  [jvm.dll+0x33235e]
V  [jvm.dll+0x32fbcc]
V  [jvm.dll+0x32ee02]
V  [jvm.dll+0x6141e5]
V  [jvm.dll+0x613f6d]
V  [jvm.dll+0x5ddb03]
V  [jvm.dll+0x76840f]
V  [jvm.dll+0x4f6476]
V  [jvm.dll+0x7776dd]
V  [jvm.dll+0x4dc54e]
V  [jvm.dll+0x4a0d60]
C  [jdwp.dll+0x751f]


siginfo: EXCEPTION_ACCESS_VIOLATION (0xc0000005), reading address 0xffffffffffffffff


Register to memory mapping:

RIP=0x00007fff5107f92c jvm.dll
RAX=0x0164016401010101 is an unknown value
RBX=0x00000019fb8fef60 is pointing into the stack for thread: 0x0000013a65779800
RCX=0x000000000000660d is an unknown value
RDX=0x0000000000000005 is an unknown value
RSP=0x00000019fb8fecb0 is pointing into the stack for thread: 0x0000013a65779800
RBP=0x0 is NULL
RSI=0x0000000000000001 is an unknown value
RDI=0x00007fff517ca068 jvm.dll
R8 =0x0 is NULL
R9 =0x0000013a6515c8b8 is pointing into metadata
R10=0x00007fff50d50000 jvm.dll
R11=0x00000019fb8fed10 is pointing into the stack for thread: 0x0000013a65779800
R12=0x0000013a678468c0 points into unknown readable memory: 00 30 b9 11 00 00 00 00
R13=0x0 is NULL
R14=0x0000013a6515ce12 is pointing into metadata
R15=0x0000000000000041 is an unknown value


Registers:
RAX=0x0164016401010101, RBX=0x00000019fb8fef60, RCX=0x000000000000660d, RDX=0x0000000000000005
RSP=0x00000019fb8fecb0, RBP=0x0000000000000000, RSI=0x0000000000000001, RDI=0x00007fff517ca068
R8 =0x0000000000000000, R9 =0x0000013a6515c8b8, R10=0x00007fff50d50000, R11=0x00000019fb8fed10
R12=0x0000013a678468c0, R13=0x0000000000000000, R14=0x0000013a6515ce12, R15=0x0000000000000041
RIP=0x00007fff5107f92c, EFLAGS=0x0000000000010206

Top of Stack: (sp=0x00000019fb8fecb0)
0x00000019fb8fecb0:   00000019fb8fed30 00007fff510836a3
0x00000019fb8fecc0:   00000019fb8fecf0 00007fff9ff55e6f
0x00000019fb8fecd0:   0000001900000000 00007fff50e6ddae
0x00000019fb8fece0:   8fffffff46000017 00007fff50f933fd
0x00000019fb8fecf0:   0000e74f99884a81 0000e74f99884af1
0x00000019fb8fed00:   0000013a6515ce12 00000019fb8fedc0
0x00000019fb8fed10:   00000019fb8fef60 00007fff51081a1d
0x00000019fb8fed20:   0000013a6515ce11 0000000000000022
0x00000019fb8fed30:   00000019fb8fedf0 0000013a6515ce0a
0x00000019fb8fed40:   0000001900000022 6666666666666667
0x00000019fb8fed50:   0000013a6515ce80 0000013a65779800
0x00000019fb8fed60:   0000013a6515ce0b 00007fff000000e6
0x00000019fb8fed70:   0000013a6515ce80 0000013a67846930
0x00000019fb8fed80:   0000000000000041 00000000000000b4
0x00000019fb8fed90:   00000000000000b4 00007fff5108235e
0x00000019fb8feda0:   0000013a6515ce80 00000019fb8fef60 

Instructions: (pc=0x00007fff5107f92c)
0x00007fff5107f82c:   81 8b 75 58 41 81 e0 ff ff ff 00 41 81 c8 00 00
0x00007fff5107f83c:   00 47 48 8b cd 45 89 06 c7 45 58 01 00 00 00 e8
0x00007fff5107f84c:   50 3a 00 00 66 83 7c 24 68 00 41 89 1e 89 75 58
0x00007fff5107f85c:   74 40 8b 4c 24 70 49 ff c7 0f b7 c1 48 83 c7 08
0x00007fff5107f86c:   4c 3b f8 0f 8c 4b ff ff ff 83 7d 5c 00 74 23 48
0x00007fff5107f87c:   83 3d ed a8 74 00 00 74 15 80 7d 42 00 74 0f 48
0x00007fff5107f88c:   8d 15 56 0a 55 00 48 8b cd e8 a6 44 00 00 c6 45
0x00007fff5107f89c:   42 00 4c 8b 74 24 28 4c 8b 6c 24 30 4c 8b 64 24
0x00007fff5107f8ac:   38 48 8b 7c 24 40 48 8b 74 24 48 48 8b 5c 24 60
0x00007fff5107f8bc:   4c 8b 7c 24 20 48 83 c4 50 5d c3 cc cc cc cc cc
0x00007fff5107f8cc:   cc cc cc cc 48 89 5c 24 10 48 89 6c 24 18 56 57
0x00007fff5107f8dc:   41 56 48 83 ec 50 48 8b 05 8f a1 6f 00 48 33 c4
0x00007fff5107f8ec:   48 89 44 24 40 48 8b 41 08 48 8b d9 41 8b e8 8b
0x00007fff5107f8fc:   f2 45 33 c0 41 8b d1 48 8b 48 08 48 8b 79 08 48
0x00007fff5107f90c:   8b cf e8 5d 5a f1 ff 8b d0 48 8b cf e8 73 83 f1
0x00007fff5107f91c:   ff 48 63 c8 48 8b 44 cf 40 48 8d 3d 3c a7 74 00
0x00007fff5107f92c:   0f b6 48 06 8b 05 2e a7 74 00 80 f9 4c 74 2b 80
0x00007fff5107f93c:   f9 5b 74 26 80 f9 4a 74 18 80 f9 44 74 13 80 f9
0x00007fff5107f94c:   56 48 8d 15 24 a7 74 00 4c 8b d7 4c 0f 45 d2 eb
0x00007fff5107f95c:   29 4c 8d 15 44 a7 74 00 eb 20 8b 8c 24 90 00 00
0x00007fff5107f96c:   00 4c 8d 54 24 30 81 e1 ff ff ff 00 89 44 24 34
0x00007fff5107f97c:   81 c9 00 00 00 46 89 4c 24 30 45 33 c0 85 f6 74
0x00007fff5107f98c:   05 49 8b fa eb 2a 41 8b 0a 85 c9 74 23 49 8b d0
0x00007fff5107f99c:   4d 8b c8 90 42 89 4c 0c 20 48 8d 52 01 4c 8d 0c
0x00007fff5107f9ac:   95 00 00 00 00 41 ff c0 43 8b 0c 11 85 c9 75 e4
0x00007fff5107f9bc:   85 ed 75 10 8b 0d 8e 62 6c 00 49 63 d0 41 ff c0
0x00007fff5107f9cc:   89 4c 94 20 49 63 c8 4c 8d 74 24 20 89 44 8c 20
0x00007fff5107f9dc:   8b 74 24 20 85 f6 74 4c 48 63 53 58 85 d2 7f 18
0x00007fff5107f9ec:   48 8d 15 4d e1 50 00 48 8b cb e8 45 4e 00 00 44
0x00007fff5107f9fc:   8b 05 6e a6 74 00 eb 16 48 63 4b 20 8d 42 ff 89
0x00007fff5107fa0c:   43 58 48 03 ca 48 8b 43 48 44 8b 44 88 fc 8b d6
0x00007fff5107fa1c:   48 8b cb e8 1c f1 ff ff 41 8b 76 04 49 83 c6 04 


Stack slot to memory mapping:
stack at sp + 0 slots: 0x00000019fb8fed30 is pointing into the stack for thread: 0x0000013a65779800
stack at sp + 1 slots: 0x00007fff510836a3 jvm.dll
stack at sp + 2 slots: 0x00000019fb8fecf0 is pointing into the stack for thread: 0x0000013a65779800
stack at sp + 3 slots: 0x00007fff9ff55e6f ucrtbase.dll
stack at sp + 4 slots: 0x0000001900000000 is an unknown value
stack at sp + 5 slots: 0x00007fff50e6ddae jvm.dll
stack at sp + 6 slots: 0x8fffffff46000017 is an unknown value
stack at sp + 7 slots: 0x00007fff50f933fd jvm.dll


---------------  P R O C E S S  ---------------

Threads class SMR info:
_java_thread_list=0x0000013a682be860, length=14, elements={
0x0000013a412e3800, 0x0000013a65532000, 0x0000013a65535000, 0x0000013a65548000,
0x0000013a65549000, 0x0000013a65549800, 0x0000013a65553000, 0x0000013a6555d800,
0x0000013a65530800, 0x0000013a65779800, 0x0000013a6577b000, 0x0000013a6577d000,
0x0000013a6608a000, 0x0000013a658ad800
}

Java Threads: ( => current thread )
  0x0000013a412e3800 JavaThread "main" [_thread_blocked, id=14132, stack(0x00000019fa800000,0x00000019fa900000)]
  0x0000013a65532000 JavaThread "Reference Handler" daemon [_thread_blocked, id=4880, stack(0x00000019faf00000,0x00000019fb000000)]
  0x0000013a65535000 JavaThread "Finalizer" daemon [_thread_blocked, id=11744, stack(0x00000019fb000000,0x00000019fb100000)]
  0x0000013a65548000 JavaThread "Signal Dispatcher" daemon [_thread_blocked, id=8128, stack(0x00000019fb100000,0x00000019fb200000)]
  0x0000013a65549000 JavaThread "Attach Listener" daemon [_thread_blocked, id=13600, stack(0x00000019fb200000,0x00000019fb300000)]
  0x0000013a65549800 JavaThread "C2 CompilerThread0" daemon [_thread_blocked, id=11232, stack(0x00000019fb300000,0x00000019fb400000)]
  0x0000013a65553000 JavaThread "C1 CompilerThread0" daemon [_thread_blocked, id=9856, stack(0x00000019fb400000,0x00000019fb500000)]
  0x0000013a6555d800 JavaThread "Sweeper thread" daemon [_thread_blocked, id=12692, stack(0x00000019fb500000,0x00000019fb600000)]
  0x0000013a65530800 JavaThread "Common-Cleaner" daemon [_thread_blocked, id=10676, stack(0x00000019fb600000,0x00000019fb700000)]
=>0x0000013a65779800 JavaThread "JDWP Transport Listener: dt_socket" daemon [_thread_in_vm, id=3120, stack(0x00000019fb800000,0x00000019fb900000)]
  0x0000013a6577b000 JavaThread "JDWP Event Helper Thread" daemon [_thread_blocked, id=3860, stack(0x00000019fb900000,0x00000019fba00000)]
  0x0000013a6577d000 JavaThread "JDWP Command Reader" daemon [_thread_in_native, id=3576, stack(0x00000019fba00000,0x00000019fbb00000)]
  0x0000013a6608a000 JavaThread "Service Thread" daemon [_thread_blocked, id=6048, stack(0x00000019fbb00000,0x00000019fbc00000)]
  0x0000013a658ad800 JavaThread "ReaderThread" [_thread_in_native, id=1288, stack(0x00000019fb700000,0x00000019fb800000)]

Other Threads:
  0x0000013a64ca7000 VMThread "VM Thread" [stack: 0x00000019fae00000,0x00000019faf00000] [id=12940]
  0x0000013a660d5000 WatcherThread [stack: 0x00000019fbc00000,0x00000019fbd00000] [id=4088]
  0x0000013a4134e800 GCTaskThread "GC Thread#0" [stack: 0x00000019fa900000,0x00000019faa00000] [id=316]
  0x0000013a66230000 GCTaskThread "GC Thread#1" [stack: 0x00000019fbf00000,0x00000019fc000000] [id=4388]
  0x0000013a66230800 GCTaskThread "GC Thread#2" [stack: 0x00000019fc000000,0x00000019fc100000] [id=7580]
  0x0000013a6622e000 GCTaskThread "GC Thread#3" [stack: 0x00000019fc100000,0x00000019fc200000] [id=10008]
  0x0000013a66233800 GCTaskThread "GC Thread#4" [stack: 0x00000019fc200000,0x00000019fc300000] [id=680]
  0x0000013a66231800 GCTaskThread "GC Thread#5" [stack: 0x00000019fc300000,0x00000019fc400000] [id=10148]
  0x0000013a4136f800 ConcurrentGCThread "G1 Main Marker" [stack: 0x00000019faa00000,0x00000019fab00000] [id=1800]
  0x0000013a41371800 ConcurrentGCThread "G1 Conc#0" [stack: 0x00000019fab00000,0x00000019fac00000] [id=2748]
  0x0000013a64ba1000 ConcurrentGCThread "G1 Refine#0" [stack: 0x00000019fac00000,0x00000019fad00000] [id=13708]
  0x0000013a64ba5000 ConcurrentGCThread "G1 Young RemSet Sampling" [stack: 0x00000019fad00000,0x00000019fae00000] [id=8020]

Threads with active compile tasks:

VM state:not at safepoint (normal execution)

VM Mutex/Monitor currently owned by a thread: None

Heap address: 0x0000000703800000, size: 4040 MB, Compressed Oops mode: Zero based, Oop shift amount: 3
Narrow klass base: 0x0000000800000000, Narrow klass shift: 3
Compressed class space size: 1073741824 Address: 0x0000000800b40000

Heap:
 garbage-first heap   total 260096K, used 49941K [0x0000000703800000, 0x0000000800000000)
  region size 1024K, 46 young (47104K), 3 survivors (3072K)
 Metaspace       used 8911K, capacity 9375K, committed 9472K, reserved 1056768K
  class space    used 1009K, capacity 1188K, committed 1280K, reserved 1048576K
Heap Regions: E=young(eden), S=young(survivor), O=old, HS=humongous(starts), HC=humongous(continues), CS=collection set, F=free, A=archive, TAMS=top-at-mark-start (previous, next)
|   0|0x0000000703800000, 0x0000000703900000, 0x0000000703900000|100%|HS|  |TAMS 0x0000000703800000, 0x0000000703800000| Complete 
|   1|0x0000000703900000, 0x0000000703a00000, 0x0000000703a00000|100%| O|  |TAMS 0x0000000703900000, 0x0000000703900000| Untracked 
|   2|0x0000000703a00000, 0x0000000703b00000, 0x0000000703b00000|100%| O|  |TAMS 0x0000000703a00000, 0x0000000703a00000| Untracked 
|   3|0x0000000703b00000, 0x0000000703bc5600, 0x0000000703c00000| 77%| O|  |TAMS 0x0000000703b00000, 0x0000000703b00000| Untracked 
|   4|0x0000000703c00000, 0x0000000703c00000, 0x0000000703d00000|  0%| F|  |TAMS 0x0000000703c00000, 0x0000000703c00000| Untracked 
|   5|0x0000000703d00000, 0x0000000703d00000, 0x0000000703e00000|  0%| F|  |TAMS 0x0000000703d00000, 0x0000000703d00000| Untracked 
|   6|0x0000000703e00000, 0x0000000703e00000, 0x0000000703f00000|  0%| F|  |TAMS 0x0000000703e00000, 0x0000000703e00000| Untracked 
|   7|0x0000000703f00000, 0x0000000703f00000, 0x0000000704000000|  0%| F|  |TAMS 0x0000000703f00000, 0x0000000703f00000| Untracked 
|   8|0x0000000704000000, 0x0000000704000000, 0x0000000704100000|  0%| F|  |TAMS 0x0000000704000000, 0x0000000704000000| Untracked 
|   9|0x0000000704100000, 0x0000000704100000, 0x0000000704200000|  0%| F|  |TAMS 0x0000000704100000, 0x0000000704100000| Untracked 
|  10|0x0000000704200000, 0x0000000704200000, 0x0000000704300000|  0%| F|  |TAMS 0x0000000704200000, 0x0000000704200000| Untracked 
|  11|0x0000000704300000, 0x0000000704300000, 0x0000000704400000|  0%| F|  |TAMS 0x0000000704300000, 0x0000000704300000| Untracked 
|  12|0x0000000704400000, 0x0000000704400000, 0x0000000704500000|  0%| F|  |TAMS 0x0000000704400000, 0x0000000704400000| Untracked 
|  13|0x0000000704500000, 0x0000000704500000, 0x0000000704600000|  0%| F|  |TAMS 0x0000000704500000, 0x0000000704500000| Untracked 
|  14|0x0000000704600000, 0x0000000704600000, 0x0000000704700000|  0%| F|  |TAMS 0x0000000704600000, 0x0000000704600000| Untracked 
|  15|0x0000000704700000, 0x0000000704700000, 0x0000000704800000|  0%| F|  |TAMS 0x0000000704700000, 0x0000000704700000| Untracked 
|  16|0x0000000704800000, 0x0000000704800000, 0x0000000704900000|  0%| F|  |TAMS 0x0000000704800000, 0x0000000704800000| Untracked 
|  17|0x0000000704900000, 0x0000000704900000, 0x0000000704a00000|  0%| F|  |TAMS 0x0000000704900000, 0x0000000704900000| Untracked 
|  18|0x0000000704a00000, 0x0000000704a00000, 0x0000000704b00000|  0%| F|  |TAMS 0x0000000704a00000, 0x0000000704a00000| Untracked 
|  19|0x0000000704b00000, 0x0000000704b00000, 0x0000000704c00000|  0%| F|  |TAMS 0x0000000704b00000, 0x0000000704b00000| Untracked 
|  20|0x0000000704c00000, 0x0000000704c00000, 0x0000000704d00000|  0%| F|  |TAMS 0x0000000704c00000, 0x0000000704c00000| Untracked 
|  21|0x0000000704d00000, 0x0000000704d00000, 0x0000000704e00000|  0%| F|  |TAMS 0x0000000704d00000, 0x0000000704d00000| Untracked 
|  22|0x0000000704e00000, 0x0000000704e00000, 0x0000000704f00000|  0%| F|  |TAMS 0x0000000704e00000, 0x0000000704e00000| Untracked 
|  23|0x0000000704f00000, 0x0000000704f00000, 0x0000000705000000|  0%| F|  |TAMS 0x0000000704f00000, 0x0000000704f00000| Untracked 
|  24|0x0000000705000000, 0x0000000705000000, 0x0000000705100000|  0%| F|  |TAMS 0x0000000705000000, 0x0000000705000000| Untracked 
|  25|0x0000000705100000, 0x0000000705100000, 0x0000000705200000|  0%| F|  |TAMS 0x0000000705100000, 0x0000000705100000| Untracked 
|  26|0x0000000705200000, 0x0000000705200000, 0x0000000705300000|  0%| F|  |TAMS 0x0000000705200000, 0x0000000705200000| Untracked 
|  27|0x0000000705300000, 0x0000000705300000, 0x0000000705400000|  0%| F|  |TAMS 0x0000000705300000, 0x0000000705300000| Untracked 
|  28|0x0000000705400000, 0x0000000705400000, 0x0000000705500000|  0%| F|  |TAMS 0x0000000705400000, 0x0000000705400000| Untracked 
|  29|0x0000000705500000, 0x0000000705500000, 0x0000000705600000|  0%| F|  |TAMS 0x0000000705500000, 0x0000000705500000| Untracked 
|  30|0x0000000705600000, 0x0000000705600000, 0x0000000705700000|  0%| F|  |TAMS 0x0000000705600000, 0x0000000705600000| Untracked 
|  31|0x0000000705700000, 0x0000000705700000, 0x0000000705800000|  0%| F|  |TAMS 0x0000000705700000, 0x0000000705700000| Untracked 
|  32|0x0000000705800000, 0x0000000705800000, 0x0000000705900000|  0%| F|  |TAMS 0x0000000705800000, 0x0000000705800000| Untracked 
|  33|0x0000000705900000, 0x0000000705900000, 0x0000000705a00000|  0%| F|  |TAMS 0x0000000705900000, 0x0000000705900000| Untracked 
|  34|0x0000000705a00000, 0x0000000705a00000, 0x0000000705b00000|  0%| F|  |TAMS 0x0000000705a00000, 0x0000000705a00000| Untracked 
|  35|0x0000000705b00000, 0x0000000705b00000, 0x0000000705c00000|  0%| F|  |TAMS 0x0000000705b00000, 0x0000000705b00000| Untracked 
|  36|0x0000000705c00000, 0x0000000705c00000, 0x0000000705d00000|  0%| F|  |TAMS 0x0000000705c00000, 0x0000000705c00000| Untracked 
|  37|0x0000000705d00000, 0x0000000705d00000, 0x0000000705e00000|  0%| F|  |TAMS 0x0000000705d00000, 0x0000000705d00000| Untracked 
|  38|0x0000000705e00000, 0x0000000705e00000, 0x0000000705f00000|  0%| F|  |TAMS 0x0000000705e00000, 0x0000000705e00000| Untracked 
|  39|0x0000000705f00000, 0x0000000705f00000, 0x0000000706000000|  0%| F|  |TAMS 0x0000000705f00000, 0x0000000705f00000| Untracked 
|  40|0x0000000706000000, 0x0000000706000000, 0x0000000706100000|  0%| F|  |TAMS 0x0000000706000000, 0x0000000706000000| Untracked 
|  41|0x0000000706100000, 0x0000000706100000, 0x0000000706200000|  0%| F|  |TAMS 0x0000000706100000, 0x0000000706100000| Untracked 
|  42|0x0000000706200000, 0x0000000706200000, 0x0000000706300000|  0%| F|  |TAMS 0x0000000706200000, 0x0000000706200000| Untracked 
|  43|0x0000000706300000, 0x0000000706300000, 0x0000000706400000|  0%| F|  |TAMS 0x0000000706300000, 0x0000000706300000| Untracked 
|  44|0x0000000706400000, 0x0000000706400000, 0x0000000706500000|  0%| F|  |TAMS 0x0000000706400000, 0x0000000706400000| Untracked 
|  45|0x0000000706500000, 0x0000000706500000, 0x0000000706600000|  0%| F|  |TAMS 0x0000000706500000, 0x0000000706500000| Untracked 
|  46|0x0000000706600000, 0x0000000706600000, 0x0000000706700000|  0%| F|  |TAMS 0x0000000706600000, 0x0000000706600000| Untracked 
|  47|0x0000000706700000, 0x0000000706700000, 0x0000000706800000|  0%| F|  |TAMS 0x0000000706700000, 0x0000000706700000| Untracked 
|  48|0x0000000706800000, 0x0000000706800000, 0x0000000706900000|  0%| F|  |TAMS 0x0000000706800000, 0x0000000706800000| Untracked 
|  49|0x0000000706900000, 0x0000000706900000, 0x0000000706a00000|  0%| F|  |TAMS 0x0000000706900000, 0x0000000706900000| Untracked 
|  50|0x0000000706a00000, 0x0000000706a00000, 0x0000000706b00000|  0%| F|  |TAMS 0x0000000706a00000, 0x0000000706a00000| Untracked 
|  51|0x0000000706b00000, 0x0000000706b00000, 0x0000000706c00000|  0%| F|  |TAMS 0x0000000706b00000, 0x0000000706b00000| Untracked 
|  52|0x0000000706c00000, 0x0000000706c00000, 0x0000000706d00000|  0%| F|  |TAMS 0x0000000706c00000, 0x0000000706c00000| Untracked 
|  53|0x0000000706d00000, 0x0000000706d00000, 0x0000000706e00000|  0%| F|  |TAMS 0x0000000706d00000, 0x0000000706d00000| Untracked 
|  54|0x0000000706e00000, 0x0000000706e00000, 0x0000000706f00000|  0%| F|  |TAMS 0x0000000706e00000, 0x0000000706e00000| Untracked 
|  55|0x0000000706f00000, 0x0000000706f00000, 0x0000000707000000|  0%| F|  |TAMS 0x0000000706f00000, 0x0000000706f00000| Untracked 
|  56|0x0000000707000000, 0x0000000707000000, 0x0000000707100000|  0%| F|  |TAMS 0x0000000707000000, 0x0000000707000000| Untracked 
|  57|0x0000000707100000, 0x0000000707100000, 0x0000000707200000|  0%| F|  |TAMS 0x0000000707100000, 0x0000000707100000| Untracked 
|  58|0x0000000707200000, 0x0000000707200000, 0x0000000707300000|  0%| F|  |TAMS 0x0000000707200000, 0x0000000707200000| Untracked 
|  59|0x0000000707300000, 0x0000000707300000, 0x0000000707400000|  0%| F|  |TAMS 0x0000000707300000, 0x0000000707300000| Untracked 
|  60|0x0000000707400000, 0x0000000707400000, 0x0000000707500000|  0%| F|  |TAMS 0x0000000707400000, 0x0000000707400000| Untracked 
|  61|0x0000000707500000, 0x0000000707500000, 0x0000000707600000|  0%| F|  |TAMS 0x0000000707500000, 0x0000000707500000| Untracked 
|  62|0x0000000707600000, 0x0000000707600000, 0x0000000707700000|  0%| F|  |TAMS 0x0000000707600000, 0x0000000707600000| Untracked 
|  63|0x0000000707700000, 0x0000000707700000, 0x0000000707800000|  0%| F|  |TAMS 0x0000000707700000, 0x0000000707700000| Untracked 
|  64|0x0000000707800000, 0x0000000707800000, 0x0000000707900000|  0%| F|  |TAMS 0x0000000707800000, 0x0000000707800000| Untracked 
|  65|0x0000000707900000, 0x0000000707900000, 0x0000000707a00000|  0%| F|  |TAMS 0x0000000707900000, 0x0000000707900000| Untracked 
|  66|0x0000000707a00000, 0x0000000707a00000, 0x0000000707b00000|  0%| F|  |TAMS 0x0000000707a00000, 0x0000000707a00000| Untracked 
|  67|0x0000000707b00000, 0x0000000707b00000, 0x0000000707c00000|  0%| F|  |TAMS 0x0000000707b00000, 0x0000000707b00000| Untracked 
|  68|0x0000000707c00000, 0x0000000707c00000, 0x0000000707d00000|  0%| F|  |TAMS 0x0000000707c00000, 0x0000000707c00000| Untracked 
|  69|0x0000000707d00000, 0x0000000707d00000, 0x0000000707e00000|  0%| F|  |TAMS 0x0000000707d00000, 0x0000000707d00000| Untracked 
|  70|0x0000000707e00000, 0x0000000707e00000, 0x0000000707f00000|  0%| F|  |TAMS 0x0000000707e00000, 0x0000000707e00000| Untracked 
|  71|0x0000000707f00000, 0x0000000707f00000, 0x0000000708000000|  0%| F|  |TAMS 0x0000000707f00000, 0x0000000707f00000| Untracked 
|  72|0x0000000708000000, 0x0000000708000000, 0x0000000708100000|  0%| F|  |TAMS 0x0000000708000000, 0x0000000708000000| Untracked 
|  73|0x0000000708100000, 0x0000000708100000, 0x0000000708200000|  0%| F|  |TAMS 0x0000000708100000, 0x0000000708100000| Untracked 
|  74|0x0000000708200000, 0x0000000708200000, 0x0000000708300000|  0%| F|  |TAMS 0x0000000708200000, 0x0000000708200000| Untracked 
|  75|0x0000000708300000, 0x0000000708300000, 0x0000000708400000|  0%| F|  |TAMS 0x0000000708300000, 0x0000000708300000| Untracked 
|  76|0x0000000708400000, 0x0000000708400000, 0x0000000708500000|  0%| F|  |TAMS 0x0000000708400000, 0x0000000708400000| Untracked 
|  77|0x0000000708500000, 0x0000000708500000, 0x0000000708600000|  0%| F|  |TAMS 0x0000000708500000, 0x0000000708500000| Untracked 
|  78|0x0000000708600000, 0x0000000708600000, 0x0000000708700000|  0%| F|  |TAMS 0x0000000708600000, 0x0000000708600000| Untracked 
|  79|0x0000000708700000, 0x0000000708700000, 0x0000000708800000|  0%| F|  |TAMS 0x0000000708700000, 0x0000000708700000| Untracked 
|  80|0x0000000708800000, 0x0000000708800000, 0x0000000708900000|  0%| F|  |TAMS 0x0000000708800000, 0x0000000708800000| Untracked 
|  81|0x0000000708900000, 0x0000000708900000, 0x0000000708a00000|  0%| F|  |TAMS 0x0000000708900000, 0x0000000708900000| Untracked 
|  82|0x0000000708a00000, 0x0000000708a00000, 0x0000000708b00000|  0%| F|  |TAMS 0x0000000708a00000, 0x0000000708a00000| Untracked 
|  83|0x0000000708b00000, 0x0000000708b00000, 0x0000000708c00000|  0%| F|  |TAMS 0x0000000708b00000, 0x0000000708b00000| Untracked 
|  84|0x0000000708c00000, 0x0000000708c00000, 0x0000000708d00000|  0%| F|  |TAMS 0x0000000708c00000, 0x0000000708c00000| Untracked 
|  85|0x0000000708d00000, 0x0000000708d00000, 0x0000000708e00000|  0%| F|  |TAMS 0x0000000708d00000, 0x0000000708d00000| Untracked 
|  86|0x0000000708e00000, 0x0000000708e00000, 0x0000000708f00000|  0%| F|  |TAMS 0x0000000708e00000, 0x0000000708e00000| Untracked 
|  87|0x0000000708f00000, 0x0000000708f00000, 0x0000000709000000|  0%| F|  |TAMS 0x0000000708f00000, 0x0000000708f00000| Untracked 
|  88|0x0000000709000000, 0x0000000709000000, 0x0000000709100000|  0%| F|  |TAMS 0x0000000709000000, 0x0000000709000000| Untracked 
|  89|0x0000000709100000, 0x0000000709100000, 0x0000000709200000|  0%| F|  |TAMS 0x0000000709100000, 0x0000000709100000| Untracked 
|  90|0x0000000709200000, 0x0000000709200000, 0x0000000709300000|  0%| F|  |TAMS 0x0000000709200000, 0x0000000709200000| Untracked 
|  91|0x0000000709300000, 0x0000000709300000, 0x0000000709400000|  0%| F|  |TAMS 0x0000000709300000, 0x0000000709300000| Untracked 
|  92|0x0000000709400000, 0x0000000709400000, 0x0000000709500000|  0%| F|  |TAMS 0x0000000709400000, 0x0000000709400000| Untracked 
|  93|0x0000000709500000, 0x0000000709500000, 0x0000000709600000|  0%| F|  |TAMS 0x0000000709500000, 0x0000000709500000| Untracked 
|  94|0x0000000709600000, 0x0000000709600000, 0x0000000709700000|  0%| F|  |TAMS 0x0000000709600000, 0x0000000709600000| Untracked 
|  95|0x0000000709700000, 0x0000000709700000, 0x0000000709800000|  0%| F|  |TAMS 0x0000000709700000, 0x0000000709700000| Untracked 
|  96|0x0000000709800000, 0x0000000709800000, 0x0000000709900000|  0%| F|  |TAMS 0x0000000709800000, 0x0000000709800000| Untracked 
|  97|0x0000000709900000, 0x0000000709900000, 0x0000000709a00000|  0%| F|  |TAMS 0x0000000709900000, 0x0000000709900000| Untracked 
|  98|0x0000000709a00000, 0x0000000709a00000, 0x0000000709b00000|  0%| F|  |TAMS 0x0000000709a00000, 0x0000000709a00000| Untracked 
|  99|0x0000000709b00000, 0x0000000709b00000, 0x0000000709c00000|  0%| F|  |TAMS 0x0000000709b00000, 0x0000000709b00000| Untracked 
| 100|0x0000000709c00000, 0x0000000709c00000, 0x0000000709d00000|  0%| F|  |TAMS 0x0000000709c00000, 0x0000000709c00000| Untracked 
| 101|0x0000000709d00000, 0x0000000709d00000, 0x0000000709e00000|  0%| F|  |TAMS 0x0000000709d00000, 0x0000000709d00000| Untracked 
| 102|0x0000000709e00000, 0x0000000709e00000, 0x0000000709f00000|  0%| F|  |TAMS 0x0000000709e00000, 0x0000000709e00000| Untracked 
| 103|0x0000000709f00000, 0x0000000709f00000, 0x000000070a000000|  0%| F|  |TAMS 0x0000000709f00000, 0x0000000709f00000| Untracked 
| 104|0x000000070a000000, 0x000000070a000000, 0x000000070a100000|  0%| F|  |TAMS 0x000000070a000000, 0x000000070a000000| Untracked 
| 105|0x000000070a100000, 0x000000070a100000, 0x000000070a200000|  0%| F|  |TAMS 0x000000070a100000, 0x000000070a100000| Untracked 
| 106|0x000000070a200000, 0x000000070a200000, 0x000000070a300000|  0%| F|  |TAMS 0x000000070a200000, 0x000000070a200000| Untracked 
| 107|0x000000070a300000, 0x000000070a300000, 0x000000070a400000|  0%| F|  |TAMS 0x000000070a300000, 0x000000070a300000| Untracked 
| 108|0x000000070a400000, 0x000000070a400000, 0x000000070a500000|  0%| F|  |TAMS 0x000000070a400000, 0x000000070a400000| Untracked 
| 109|0x000000070a500000, 0x000000070a500000, 0x000000070a600000|  0%| F|  |TAMS 0x000000070a500000, 0x000000070a500000| Untracked 
| 110|0x000000070a600000, 0x000000070a600000, 0x000000070a700000|  0%| F|  |TAMS 0x000000070a600000, 0x000000070a600000| Untracked 
| 111|0x000000070a700000, 0x000000070a700000, 0x000000070a800000|  0%| F|  |TAMS 0x000000070a700000, 0x000000070a700000| Untracked 
| 112|0x000000070a800000, 0x000000070a800000, 0x000000070a900000|  0%| F|  |TAMS 0x000000070a800000, 0x000000070a800000| Untracked 
| 113|0x000000070a900000, 0x000000070a900000, 0x000000070aa00000|  0%| F|  |TAMS 0x000000070a900000, 0x000000070a900000| Untracked 
| 114|0x000000070aa00000, 0x000000070aa00000, 0x000000070ab00000|  0%| F|  |TAMS 0x000000070aa00000, 0x000000070aa00000| Untracked 
| 115|0x000000070ab00000, 0x000000070ab00000, 0x000000070ac00000|  0%| F|  |TAMS 0x000000070ab00000, 0x000000070ab00000| Untracked 
| 116|0x000000070ac00000, 0x000000070ac00000, 0x000000070ad00000|  0%| F|  |TAMS 0x000000070ac00000, 0x000000070ac00000| Untracked 
| 117|0x000000070ad00000, 0x000000070ad00000, 0x000000070ae00000|  0%| F|  |TAMS 0x000000070ad00000, 0x000000070ad00000| Untracked 
| 118|0x000000070ae00000, 0x000000070ae00000, 0x000000070af00000|  0%| F|  |TAMS 0x000000070ae00000, 0x000000070ae00000| Untracked 
| 119|0x000000070af00000, 0x000000070af00000, 0x000000070b000000|  0%| F|  |TAMS 0x000000070af00000, 0x000000070af00000| Untracked 
| 120|0x000000070b000000, 0x000000070b000000, 0x000000070b100000|  0%| F|  |TAMS 0x000000070b000000, 0x000000070b000000| Untracked 
| 121|0x000000070b100000, 0x000000070b100000, 0x000000070b200000|  0%| F|  |TAMS 0x000000070b100000, 0x000000070b100000| Untracked 
| 122|0x000000070b200000, 0x000000070b200000, 0x000000070b300000|  0%| F|  |TAMS 0x000000070b200000, 0x000000070b200000| Untracked 
| 123|0x000000070b300000, 0x000000070b300000, 0x000000070b400000|  0%| F|  |TAMS 0x000000070b300000, 0x000000070b300000| Untracked 
| 124|0x000000070b400000, 0x000000070b400000, 0x000000070b500000|  0%| F|  |TAMS 0x000000070b400000, 0x000000070b400000| Untracked 
| 125|0x000000070b500000, 0x000000070b500000, 0x000000070b600000|  0%| F|  |TAMS 0x000000070b500000, 0x000000070b500000| Untracked 
| 126|0x000000070b600000, 0x000000070b600000, 0x000000070b700000|  0%| F|  |TAMS 0x000000070b600000, 0x000000070b600000| Untracked 
| 127|0x000000070b700000, 0x000000070b700000, 0x000000070b800000|  0%| F|  |TAMS 0x000000070b700000, 0x000000070b700000| Untracked 
| 128|0x000000070b800000, 0x000000070b800000, 0x000000070b900000|  0%| F|  |TAMS 0x000000070b800000, 0x000000070b800000| Untracked 
| 129|0x000000070b900000, 0x000000070b900000, 0x000000070ba00000|  0%| F|  |TAMS 0x000000070b900000, 0x000000070b900000| Untracked 
| 130|0x000000070ba00000, 0x000000070ba00000, 0x000000070bb00000|  0%| F|  |TAMS 0x000000070ba00000, 0x000000070ba00000| Untracked 
| 131|0x000000070bb00000, 0x000000070bb00000, 0x000000070bc00000|  0%| F|  |TAMS 0x000000070bb00000, 0x000000070bb00000| Untracked 
| 132|0x000000070bc00000, 0x000000070bc00000, 0x000000070bd00000|  0%| F|  |TAMS 0x000000070bc00000, 0x000000070bc00000| Untracked 
| 133|0x000000070bd00000, 0x000000070bd00000, 0x000000070be00000|  0%| F|  |TAMS 0x000000070bd00000, 0x000000070bd00000| Untracked 
| 134|0x000000070be00000, 0x000000070be00000, 0x000000070bf00000|  0%| F|  |TAMS 0x000000070be00000, 0x000000070be00000| Untracked 
| 135|0x000000070bf00000, 0x000000070bf00000, 0x000000070c000000|  0%| F|  |TAMS 0x000000070bf00000, 0x000000070bf00000| Untracked 
| 136|0x000000070c000000, 0x000000070c000000, 0x000000070c100000|  0%| F|  |TAMS 0x000000070c000000, 0x000000070c000000| Untracked 
| 137|0x000000070c100000, 0x000000070c100000, 0x000000070c200000|  0%| F|  |TAMS 0x000000070c100000, 0x000000070c100000| Untracked 
| 138|0x000000070c200000, 0x000000070c200000, 0x000000070c300000|  0%| F|  |TAMS 0x000000070c200000, 0x000000070c200000| Untracked 
| 139|0x000000070c300000, 0x000000070c300000, 0x000000070c400000|  0%| F|  |TAMS 0x000000070c300000, 0x000000070c300000| Untracked 
| 140|0x000000070c400000, 0x000000070c400000, 0x000000070c500000|  0%| F|  |TAMS 0x000000070c400000, 0x000000070c400000| Untracked 
| 141|0x000000070c500000, 0x000000070c500000, 0x000000070c600000|  0%| F|  |TAMS 0x000000070c500000, 0x000000070c500000| Untracked 
| 142|0x000000070c600000, 0x000000070c600000, 0x000000070c700000|  0%| F|  |TAMS 0x000000070c600000, 0x000000070c600000| Untracked 
| 143|0x000000070c700000, 0x000000070c700000, 0x000000070c800000|  0%| F|  |TAMS 0x000000070c700000, 0x000000070c700000| Untracked 
| 144|0x000000070c800000, 0x000000070c800000, 0x000000070c900000|  0%| F|  |TAMS 0x000000070c800000, 0x000000070c800000| Untracked 
| 145|0x000000070c900000, 0x000000070c900000, 0x000000070ca00000|  0%| F|  |TAMS 0x000000070c900000, 0x000000070c900000| Untracked 
| 146|0x000000070ca00000, 0x000000070ca00000, 0x000000070cb00000|  0%| F|  |TAMS 0x000000070ca00000, 0x000000070ca00000| Untracked 
| 147|0x000000070cb00000, 0x000000070cb00000, 0x000000070cc00000|  0%| F|  |TAMS 0x000000070cb00000, 0x000000070cb00000| Untracked 
| 148|0x000000070cc00000, 0x000000070cc00000, 0x000000070cd00000|  0%| F|  |TAMS 0x000000070cc00000, 0x000000070cc00000| Untracked 
| 149|0x000000070cd00000, 0x000000070cd00000, 0x000000070ce00000|  0%| F|  |TAMS 0x000000070cd00000, 0x000000070cd00000| Untracked 
| 150|0x000000070ce00000, 0x000000070ce00000, 0x000000070cf00000|  0%| F|  |TAMS 0x000000070ce00000, 0x000000070ce00000| Untracked 
| 151|0x000000070cf00000, 0x000000070cf00000, 0x000000070d000000|  0%| F|  |TAMS 0x000000070cf00000, 0x000000070cf00000| Untracked 
| 152|0x000000070d000000, 0x000000070d000000, 0x000000070d100000|  0%| F|  |TAMS 0x000000070d000000, 0x000000070d000000| Untracked 
| 153|0x000000070d100000, 0x000000070d100000, 0x000000070d200000|  0%| F|  |TAMS 0x000000070d100000, 0x000000070d100000| Untracked 
| 154|0x000000070d200000, 0x000000070d200000, 0x000000070d300000|  0%| F|  |TAMS 0x000000070d200000, 0x000000070d200000| Untracked 
| 155|0x000000070d300000, 0x000000070d300000, 0x000000070d400000|  0%| F|  |TAMS 0x000000070d300000, 0x000000070d300000| Untracked 
| 156|0x000000070d400000, 0x000000070d400000, 0x000000070d500000|  0%| F|  |TAMS 0x000000070d400000, 0x000000070d400000| Untracked 
| 157|0x000000070d500000, 0x000000070d500000, 0x000000070d600000|  0%| F|  |TAMS 0x000000070d500000, 0x000000070d500000| Untracked 
| 158|0x000000070d600000, 0x000000070d600000, 0x000000070d700000|  0%| F|  |TAMS 0x000000070d600000, 0x000000070d600000| Untracked 
| 159|0x000000070d700000, 0x000000070d700000, 0x000000070d800000|  0%| F|  |TAMS 0x000000070d700000, 0x000000070d700000| Untracked 
| 160|0x000000070d800000, 0x000000070d800000, 0x000000070d900000|  0%| F|  |TAMS 0x000000070d800000, 0x000000070d800000| Untracked 
| 161|0x000000070d900000, 0x000000070d900000, 0x000000070da00000|  0%| F|  |TAMS 0x000000070d900000, 0x000000070d900000| Untracked 
| 162|0x000000070da00000, 0x000000070da00000, 0x000000070db00000|  0%| F|  |TAMS 0x000000070da00000, 0x000000070da00000| Untracked 
| 163|0x000000070db00000, 0x000000070db00000, 0x000000070dc00000|  0%| F|  |TAMS 0x000000070db00000, 0x000000070db00000| Untracked 
| 164|0x000000070dc00000, 0x000000070dc00000, 0x000000070dd00000|  0%| F|  |TAMS 0x000000070dc00000, 0x000000070dc00000| Untracked 
| 165|0x000000070dd00000, 0x000000070dd00000, 0x000000070de00000|  0%| F|  |TAMS 0x000000070dd00000, 0x000000070dd00000| Untracked 
| 166|0x000000070de00000, 0x000000070de00000, 0x000000070df00000|  0%| F|  |TAMS 0x000000070de00000, 0x000000070de00000| Untracked 
| 167|0x000000070df00000, 0x000000070df00000, 0x000000070e000000|  0%| F|  |TAMS 0x000000070df00000, 0x000000070df00000| Untracked 
| 168|0x000000070e000000, 0x000000070e000000, 0x000000070e100000|  0%| F|  |TAMS 0x000000070e000000, 0x000000070e000000| Untracked 
| 169|0x000000070e100000, 0x000000070e100000, 0x000000070e200000|  0%| F|  |TAMS 0x000000070e100000, 0x000000070e100000| Untracked 
| 170|0x000000070e200000, 0x000000070e200000, 0x000000070e300000|  0%| F|  |TAMS 0x000000070e200000, 0x000000070e200000| Untracked 
| 171|0x000000070e300000, 0x000000070e300000, 0x000000070e400000|  0%| F|  |TAMS 0x000000070e300000, 0x000000070e300000| Untracked 
| 172|0x000000070e400000, 0x000000070e400000, 0x000000070e500000|  0%| F|  |TAMS 0x000000070e400000, 0x000000070e400000| Untracked 
| 173|0x000000070e500000, 0x000000070e500000, 0x000000070e600000|  0%| F|  |TAMS 0x000000070e500000, 0x000000070e500000| Untracked 
| 174|0x000000070e600000, 0x000000070e600000, 0x000000070e700000|  0%| F|  |TAMS 0x000000070e600000, 0x000000070e600000| Untracked 
| 175|0x000000070e700000, 0x000000070e700000, 0x000000070e800000|  0%| F|  |TAMS 0x000000070e700000, 0x000000070e700000| Untracked 
| 176|0x000000070e800000, 0x000000070e800000, 0x000000070e900000|  0%| F|  |TAMS 0x000000070e800000, 0x000000070e800000| Untracked 
| 177|0x000000070e900000, 0x000000070e900000, 0x000000070ea00000|  0%| F|  |TAMS 0x000000070e900000, 0x000000070e900000| Untracked 
| 178|0x000000070ea00000, 0x000000070ea00000, 0x000000070eb00000|  0%| F|  |TAMS 0x000000070ea00000, 0x000000070ea00000| Untracked 
| 179|0x000000070eb00000, 0x000000070eb00000, 0x000000070ec00000|  0%| F|  |TAMS 0x000000070eb00000, 0x000000070eb00000| Untracked 
| 180|0x000000070ec00000, 0x000000070ec00000, 0x000000070ed00000|  0%| F|  |TAMS 0x000000070ec00000, 0x000000070ec00000| Untracked 
| 181|0x000000070ed00000, 0x000000070ed00000, 0x000000070ee00000|  0%| F|  |TAMS 0x000000070ed00000, 0x000000070ed00000| Untracked 
| 182|0x000000070ee00000, 0x000000070ee00000, 0x000000070ef00000|  0%| F|  |TAMS 0x000000070ee00000, 0x000000070ee00000| Untracked 
| 183|0x000000070ef00000, 0x000000070ef00000, 0x000000070f000000|  0%| F|  |TAMS 0x000000070ef00000, 0x000000070ef00000| Untracked 
| 184|0x000000070f000000, 0x000000070f000000, 0x000000070f100000|  0%| F|  |TAMS 0x000000070f000000, 0x000000070f000000| Untracked 
| 185|0x000000070f100000, 0x000000070f100000, 0x000000070f200000|  0%| F|  |TAMS 0x000000070f100000, 0x000000070f100000| Untracked 
| 186|0x000000070f200000, 0x000000070f200000, 0x000000070f300000|  0%| F|  |TAMS 0x000000070f200000, 0x000000070f200000| Untracked 
| 187|0x000000070f300000, 0x000000070f300000, 0x000000070f400000|  0%| F|  |TAMS 0x000000070f300000, 0x000000070f300000| Untracked 
| 188|0x000000070f400000, 0x000000070f400000, 0x000000070f500000|  0%| F|  |TAMS 0x000000070f400000, 0x000000070f400000| Untracked 
| 189|0x000000070f500000, 0x000000070f500000, 0x000000070f600000|  0%| F|  |TAMS 0x000000070f500000, 0x000000070f500000| Untracked 
| 190|0x000000070f600000, 0x000000070f600000, 0x000000070f700000|  0%| F|  |TAMS 0x000000070f600000, 0x000000070f600000| Untracked 
| 191|0x000000070f700000, 0x000000070f700000, 0x000000070f800000|  0%| F|  |TAMS 0x000000070f700000, 0x000000070f700000| Untracked 
| 192|0x000000070f800000, 0x000000070f800000, 0x000000070f900000|  0%| F|  |TAMS 0x000000070f800000, 0x000000070f800000| Untracked 
| 193|0x000000070f900000, 0x000000070f900000, 0x000000070fa00000|  0%| F|  |TAMS 0x000000070f900000, 0x000000070f900000| Untracked 
| 194|0x000000070fa00000, 0x000000070fa00000, 0x000000070fb00000|  0%| F|  |TAMS 0x000000070fa00000, 0x000000070fa00000| Untracked 
| 195|0x000000070fb00000, 0x000000070fb00000, 0x000000070fc00000|  0%| F|  |TAMS 0x000000070fb00000, 0x000000070fb00000| Untracked 
| 196|0x000000070fc00000, 0x000000070fc00000, 0x000000070fd00000|  0%| F|  |TAMS 0x000000070fc00000, 0x000000070fc00000| Untracked 
| 197|0x000000070fd00000, 0x000000070fd00000, 0x000000070fe00000|  0%| F|  |TAMS 0x000000070fd00000, 0x000000070fd00000| Untracked 
| 198|0x000000070fe00000, 0x000000070fe00000, 0x000000070ff00000|  0%| F|  |TAMS 0x000000070fe00000, 0x000000070fe00000| Untracked 
| 199|0x000000070ff00000, 0x000000070ff00000, 0x0000000710000000|  0%| F|  |TAMS 0x000000070ff00000, 0x000000070ff00000| Untracked 
| 200|0x0000000710000000, 0x0000000710000000, 0x0000000710100000|  0%| F|  |TAMS 0x0000000710000000, 0x0000000710000000| Untracked 
| 201|0x0000000710100000, 0x0000000710100000, 0x0000000710200000|  0%| F|  |TAMS 0x0000000710100000, 0x0000000710100000| Untracked 
| 202|0x0000000710200000, 0x0000000710200000, 0x0000000710300000|  0%| F|  |TAMS 0x0000000710200000, 0x0000000710200000| Untracked 
| 203|0x0000000710300000, 0x0000000710300000, 0x0000000710400000|  0%| F|  |TAMS 0x0000000710300000, 0x0000000710300000| Untracked 
| 204|0x0000000710400000, 0x0000000710400000, 0x0000000710500000|  0%| F|  |TAMS 0x0000000710400000, 0x0000000710400000| Untracked 
| 205|0x0000000710500000, 0x0000000710500000, 0x0000000710600000|  0%| F|  |TAMS 0x0000000710500000, 0x0000000710500000| Untracked 
| 206|0x0000000710600000, 0x0000000710600000, 0x0000000710700000|  0%| F|  |TAMS 0x0000000710600000, 0x0000000710600000| Untracked 
| 207|0x0000000710700000, 0x0000000710700000, 0x0000000710800000|  0%| F|  |TAMS 0x0000000710700000, 0x0000000710700000| Untracked 
| 208|0x0000000710800000, 0x0000000710900000, 0x0000000710900000|100%| E|  |TAMS 0x0000000710800000, 0x0000000710800000| Complete 
| 209|0x0000000710900000, 0x0000000710a00000, 0x0000000710a00000|100%| E|CS|TAMS 0x0000000710900000, 0x0000000710900000| Complete 
| 210|0x0000000710a00000, 0x0000000710b00000, 0x0000000710b00000|100%| E|CS|TAMS 0x0000000710a00000, 0x0000000710a00000| Complete 
| 211|0x0000000710b00000, 0x0000000710c00000, 0x0000000710c00000|100%| E|CS|TAMS 0x0000000710b00000, 0x0000000710b00000| Complete 
| 212|0x0000000710c00000, 0x0000000710d00000, 0x0000000710d00000|100%| E|CS|TAMS 0x0000000710c00000, 0x0000000710c00000| Complete 
| 213|0x0000000710d00000, 0x0000000710e00000, 0x0000000710e00000|100%| E|CS|TAMS 0x0000000710d00000, 0x0000000710d00000| Complete 
| 214|0x0000000710e00000, 0x0000000710f00000, 0x0000000710f00000|100%| E|CS|TAMS 0x0000000710e00000, 0x0000000710e00000| Complete 
| 215|0x0000000710f00000, 0x0000000711000000, 0x0000000711000000|100%| E|CS|TAMS 0x0000000710f00000, 0x0000000710f00000| Complete 
| 216|0x0000000711000000, 0x0000000711100000, 0x0000000711100000|100%| E|CS|TAMS 0x0000000711000000, 0x0000000711000000| Complete 
| 217|0x0000000711100000, 0x0000000711200000, 0x0000000711200000|100%| E|CS|TAMS 0x0000000711100000, 0x0000000711100000| Complete 
| 218|0x0000000711200000, 0x0000000711300000, 0x0000000711300000|100%| E|CS|TAMS 0x0000000711200000, 0x0000000711200000| Complete 
| 219|0x0000000711300000, 0x0000000711400000, 0x0000000711400000|100%| E|CS|TAMS 0x0000000711300000, 0x0000000711300000| Complete 
| 220|0x0000000711400000, 0x0000000711500000, 0x0000000711500000|100%| E|CS|TAMS 0x0000000711400000, 0x0000000711400000| Complete 
| 221|0x0000000711500000, 0x0000000711600000, 0x0000000711600000|100%| E|CS|TAMS 0x0000000711500000, 0x0000000711500000| Complete 
| 222|0x0000000711600000, 0x0000000711700000, 0x0000000711700000|100%| E|CS|TAMS 0x0000000711600000, 0x0000000711600000| Complete 
| 223|0x0000000711700000, 0x0000000711800000, 0x0000000711800000|100%| E|CS|TAMS 0x0000000711700000, 0x0000000711700000| Complete 
| 224|0x0000000711800000, 0x0000000711900000, 0x0000000711900000|100%| E|CS|TAMS 0x0000000711800000, 0x0000000711800000| Complete 
| 225|0x0000000711900000, 0x0000000711a00000, 0x0000000711a00000|100%| E|CS|TAMS 0x0000000711900000, 0x0000000711900000| Complete 
| 226|0x0000000711a00000, 0x0000000711b00000, 0x0000000711b00000|100%| E|CS|TAMS 0x0000000711a00000, 0x0000000711a00000| Complete 
| 227|0x0000000711b00000, 0x0000000711c00000, 0x0000000711c00000|100%| S|CS|TAMS 0x0000000711b00000, 0x0000000711b00000| Complete 
| 228|0x0000000711c00000, 0x0000000711d00000, 0x0000000711d00000|100%| S|CS|TAMS 0x0000000711c00000, 0x0000000711c00000| Complete 
| 229|0x0000000711d00000, 0x0000000711e00000, 0x0000000711e00000|100%| S|CS|TAMS 0x0000000711d00000, 0x0000000711d00000| Complete 
| 230|0x0000000711e00000, 0x0000000711f00000, 0x0000000711f00000|100%| E|CS|TAMS 0x0000000711e00000, 0x0000000711e00000| Complete 
| 231|0x0000000711f00000, 0x0000000712000000, 0x0000000712000000|100%| E|CS|TAMS 0x0000000711f00000, 0x0000000711f00000| Complete 
| 232|0x0000000712000000, 0x0000000712100000, 0x0000000712100000|100%| E|CS|TAMS 0x0000000712000000, 0x0000000712000000| Complete 
| 233|0x0000000712100000, 0x0000000712200000, 0x0000000712200000|100%| E|CS|TAMS 0x0000000712100000, 0x0000000712100000| Complete 
| 234|0x0000000712200000, 0x0000000712300000, 0x0000000712300000|100%| E|CS|TAMS 0x0000000712200000, 0x0000000712200000| Complete 
| 235|0x0000000712300000, 0x0000000712400000, 0x0000000712400000|100%| E|CS|TAMS 0x0000000712300000, 0x0000000712300000| Complete 
| 236|0x0000000712400000, 0x0000000712500000, 0x0000000712500000|100%| E|CS|TAMS 0x0000000712400000, 0x0000000712400000| Complete 
| 237|0x0000000712500000, 0x0000000712600000, 0x0000000712600000|100%| E|CS|TAMS 0x0000000712500000, 0x0000000712500000| Complete 
| 238|0x0000000712600000, 0x0000000712700000, 0x0000000712700000|100%| E|CS|TAMS 0x0000000712600000, 0x0000000712600000| Complete 
| 239|0x0000000712700000, 0x0000000712800000, 0x0000000712800000|100%| E|CS|TAMS 0x0000000712700000, 0x0000000712700000| Complete 
| 240|0x0000000712800000, 0x0000000712900000, 0x0000000712900000|100%| E|CS|TAMS 0x0000000712800000, 0x0000000712800000| Complete 
| 241|0x0000000712900000, 0x0000000712a00000, 0x0000000712a00000|100%| E|CS|TAMS 0x0000000712900000, 0x0000000712900000| Complete 
| 242|0x0000000712a00000, 0x0000000712b00000, 0x0000000712b00000|100%| E|CS|TAMS 0x0000000712a00000, 0x0000000712a00000| Complete 
| 243|0x0000000712b00000, 0x0000000712c00000, 0x0000000712c00000|100%| E|CS|TAMS 0x0000000712b00000, 0x0000000712b00000| Complete 
| 244|0x0000000712c00000, 0x0000000712d00000, 0x0000000712d00000|100%| E|CS|TAMS 0x0000000712c00000, 0x0000000712c00000| Complete 
| 245|0x0000000712d00000, 0x0000000712e00000, 0x0000000712e00000|100%| E|CS|TAMS 0x0000000712d00000, 0x0000000712d00000| Complete 
| 246|0x0000000712e00000, 0x0000000712f00000, 0x0000000712f00000|100%| E|CS|TAMS 0x0000000712e00000, 0x0000000712e00000| Complete 
| 247|0x0000000712f00000, 0x0000000713000000, 0x0000000713000000|100%| E|CS|TAMS 0x0000000712f00000, 0x0000000712f00000| Complete 
| 248|0x0000000713000000, 0x0000000713100000, 0x0000000713100000|100%| E|CS|TAMS 0x0000000713000000, 0x0000000713000000| Complete 
| 249|0x0000000713100000, 0x0000000713200000, 0x0000000713200000|100%| E|CS|TAMS 0x0000000713100000, 0x0000000713100000| Complete 
| 250|0x0000000713200000, 0x0000000713300000, 0x0000000713300000|100%| E|CS|TAMS 0x0000000713200000, 0x0000000713200000| Complete 
| 251|0x0000000713300000, 0x0000000713400000, 0x0000000713400000|100%| E|CS|TAMS 0x0000000713300000, 0x0000000713300000| Complete 
| 252|0x0000000713400000, 0x0000000713500000, 0x0000000713500000|100%| E|CS|TAMS 0x0000000713400000, 0x0000000713400000| Complete 
| 253|0x0000000713500000, 0x0000000713600000, 0x0000000713600000|100%| E|CS|TAMS 0x0000000713500000, 0x0000000713500000| Complete 

Card table byte_map: [0x0000013a592f0000,0x0000013a59ae0000] _byte_map_base: 0x0000013a55ad4000

Marking Bits (Prev, Next): (CMBitMap*) 0x0000013a4134f0e8, (CMBitMap*) 0x0000013a4134f128
 Prev Bits: [0x0000013a5a2d0000, 0x0000013a5e1f0000)
 Next Bits: [0x0000013a5e1f0000, 0x0000013a62110000)

Polling page: 0x0000013a3f1b0000

Metaspace:

Usage:
  Non-class:      8.00 MB capacity,     7.72 MB ( 97%) used,   241.17 KB (  3%) free+waste,    43.88 KB ( <1%) overhead. 
      Class:      1.16 MB capacity,  1009.23 KB ( 85%) used,   156.33 KB ( 13%) free+waste,    22.44 KB (  2%) overhead. 
       Both:      9.16 MB capacity,     8.70 MB ( 95%) used,   397.50 KB (  4%) free+waste,    66.31 KB ( <1%) overhead. 

Virtual space:
  Non-class space:        8.00 MB reserved,       8.00 MB (100%) committed 
      Class space:        1.00 GB reserved,       1.25 MB ( <1%) committed 
             Both:        1.01 GB reserved,       9.25 MB ( <1%) committed 

Chunk freelists:
   Non-Class:  5.00 KB
       Class:  0 bytes
        Both:  5.00 KB

MaxMetaspaceSize: 17179869184.00 GB
CompressedClassSpaceSize: 1.00 GB

CodeHeap 'non-profiled nmethods': size=120000Kb used=928Kb max_used=928Kb free=119071Kb
 bounds [0x0000013a512a0000, 0x0000013a51510000, 0x0000013a587d0000]
CodeHeap 'profiled nmethods': size=120000Kb used=4168Kb max_used=4168Kb free=115832Kb
 bounds [0x0000013a49d70000, 0x0000013a4a190000, 0x0000013a512a0000]
CodeHeap 'non-nmethods': size=5760Kb used=1274Kb max_used=1347Kb free=4486Kb
 bounds [0x0000013a497d0000, 0x0000013a49a40000, 0x0000013a49d70000]
 total_blobs=2954 nmethods=1735 adapters=353
 compilation: enabled
              stopped_count=0, restarted_count=0
 full_count=0

Compilation events (20 events):
Event: 1.406 Thread 0x0000013a65553000 nmethod 1730 0x0000013a4a17db10 code [0x0000013a4a17dd60, 0x0000013a4a17e7b0]
Event: 1.421 Thread 0x0000013a65549800 nmethod 1723 0x0000013a51365f90 code [0x0000013a51366180, 0x0000013a51366d30]
Event: 1.421 Thread 0x0000013a65549800 1694       4       java.util.concurrent.ConcurrentHashMap::addCount (280 bytes)
Event: 1.424 Thread 0x0000013a65549800 nmethod 1694 0x0000013a51367390 code [0x0000013a51367540, 0x0000013a51367888]
Event: 1.436 Thread 0x0000013a669d6000 nmethod 1644 0x0000013a51367b90 code [0x0000013a51367f40, 0x0000013a5136b6c0]
Event: 1.465 Thread 0x0000013a669d6000 1731       4       java.util.concurrent.ConcurrentHashMap::spread (10 bytes)
Event: 1.465 Thread 0x0000013a669d6000 nmethod 1731 0x0000013a5136d790 code [0x0000013a5136d900, 0x0000013a5136d958]
Event: 1.465 Thread 0x0000013a669d6000 1732       4       java.lang.AbstractStringBuilder::append (77 bytes)
Event: 1.465 Thread 0x0000013a65549800 1733       4       java.lang.StringBuilder::append (8 bytes)
Event: 1.469 Thread 0x0000013a65553000 1734       1       java.util.concurrent.ConcurrentHashMap$MapEntry::getKey (5 bytes)
Event: 1.469 Thread 0x0000013a65553000 nmethod 1734 0x0000013a5136da90 code [0x0000013a5136dc20, 0x0000013a5136dd58]
Event: 1.469 Thread 0x0000013a65553000 1735       1       java.util.concurrent.ConcurrentHashMap$MapEntry::getValue (5 bytes)
Event: 1.469 Thread 0x0000013a65553000 nmethod 1735 0x0000013a5136de10 code [0x0000013a5136dfa0, 0x0000013a5136e0d8]
Event: 1.469 Thread 0x0000013a65553000 1737       3       java.util.Properties::saveConvert (434 bytes)
Event: 1.471 Thread 0x0000013a65553000 nmethod 1737 0x0000013a4a17eb90 code [0x0000013a4a17f060, 0x0000013a4a181390]
Event: 1.471 Thread 0x0000013a669d6000 nmethod 1732 0x0000013a5136e190 code [0x0000013a5136e340, 0x0000013a5136e888]
Event: 1.471 Thread 0x0000013a669d6000 1736       4       java.util.HashMap$HashIterator::hasNext (13 bytes)
Event: 1.472 Thread 0x0000013a669d6000 nmethod 1736 0x0000013a5136eb10 code [0x0000013a5136eca0, 0x0000013a5136ed18]
Event: 1.472 Thread 0x0000013a65549800 nmethod 1733 0x0000013a5136ee10 code [0x0000013a5136efc0, 0x0000013a5136f568]
Event: 2.277 Thread 0x0000013a666d1000 nmethod 1024 0x0000013a5136f890 code [0x0000013a51370000, 0x0000013a5137ed90]

GC Heap History (2 events):
Event: 0.850 GC heap before
{Heap before GC invocations=0 (full 0):
 garbage-first heap   total 260096K, used 24576K [0x0000000703800000, 0x0000000800000000)
  region size 1024K, 24 young (24576K), 0 survivors (0K)
 Metaspace       used 4216K, capacity 5536K, committed 5760K, reserved 1056768K
  class space    used 388K, capacity 544K, committed 640K, reserved 1048576K
}
Event: 0.853 GC heap after
{Heap after GC invocations=1 (full 0):
 garbage-first heap   total 260096K, used 6933K [0x0000000703800000, 0x0000000800000000)
  region size 1024K, 3 young (3072K), 3 survivors (3072K)
 Metaspace       used 4216K, capacity 5536K, committed 5760K, reserved 1056768K
  class space    used 388K, capacity 544K, committed 640K, reserved 1048576K
}

Deoptimization events (20 events):
Event: 1.400 Thread 0x0000013a412e3800 DEOPT PACKING pc=0x0000013a49fadf5c sp=0x00000019fa8fb370
Event: 1.400 Thread 0x0000013a412e3800 DEOPT UNPACKING pc=0x0000013a4981964e sp=0x00000019fa8fa808 mode 1
Event: 1.400 Thread 0x0000013a412e3800 DEOPT PACKING pc=0x0000013a49fad384 sp=0x00000019fa8fb440
Event: 1.400 Thread 0x0000013a412e3800 DEOPT UNPACKING pc=0x0000013a4981964e sp=0x00000019fa8fa8f8 mode 1
Event: 1.403 Thread 0x0000013a412e3800 Uncommon trap: trap_request=0xffffff45 fr.pc=0x0000013a5133273c relative=0x000000000000007c
Event: 1.403 Thread 0x0000013a412e3800 Uncommon trap: reason=unstable_if action=reinterpret pc=0x0000013a5133273c method=sun.net.www.ParseUtil.firstEncodeIndex(Ljava/lang/String;)I @ 51 c2
Event: 1.403 Thread 0x0000013a412e3800 DEOPT PACKING pc=0x0000013a5133273c sp=0x00000019fa8faf50
Event: 1.403 Thread 0x0000013a412e3800 DEOPT UNPACKING pc=0x0000013a4981912f sp=0x00000019fa8faee8 mode 2
Event: 1.404 Thread 0x0000013a412e3800 DEOPT PACKING pc=0x0000013a49fadf5c sp=0x00000019fa8fb430
Event: 1.404 Thread 0x0000013a412e3800 DEOPT UNPACKING pc=0x0000013a4981964e sp=0x00000019fa8fa8c8 mode 1
Event: 1.404 Thread 0x0000013a412e3800 DEOPT PACKING pc=0x0000013a49fad384 sp=0x00000019fa8fb500
Event: 1.404 Thread 0x0000013a412e3800 DEOPT UNPACKING pc=0x0000013a4981964e sp=0x00000019fa8fa9b8 mode 1
Event: 1.405 Thread 0x0000013a412e3800 DEOPT PACKING pc=0x0000013a49fadf5c sp=0x00000019fa8fb500
Event: 1.405 Thread 0x0000013a412e3800 DEOPT UNPACKING pc=0x0000013a4981964e sp=0x00000019fa8fa998 mode 1
Event: 1.405 Thread 0x0000013a412e3800 DEOPT PACKING pc=0x0000013a49fad384 sp=0x00000019fa8fb5d0
Event: 1.405 Thread 0x0000013a412e3800 DEOPT UNPACKING pc=0x0000013a4981964e sp=0x00000019fa8faa88 mode 1
Event: 1.461 Thread 0x0000013a65549000 Uncommon trap: trap_request=0xffffff45 fr.pc=0x0000013a51362f58 relative=0x0000000000001138
Event: 1.461 Thread 0x0000013a65549000 Uncommon trap: reason=unstable_if action=reinterpret pc=0x0000013a51362f58 method=java.util.concurrent.ConcurrentHashMap.putVal(Ljava/lang/Object;Ljava/lang/Object;Z)Ljava/lang/Object; @ 148 c2
Event: 1.461 Thread 0x0000013a65549000 DEOPT PACKING pc=0x0000013a51362f58 sp=0x00000019fb2fe3d0
Event: 1.461 Thread 0x0000013a65549000 DEOPT UNPACKING pc=0x0000013a4981912f sp=0x00000019fb2fe370 mode 2

Classes unloaded (0 events):
No events

Classes redefined (2 events):
Event: 116.601 Thread 0x0000013a64ca7000 redefined class name=com.cerner.server.config.JwtAuthenticationEntryPointTest, count=1
Event: 352.261 Thread 0x0000013a64ca7000 redefined class name=com.cerner.server.config.JwtAuthenticationEntryPointTest, count=2

Internal exceptions (20 events):
Event: 0.883 Thread 0x0000013a412e3800 Exception <a 'java/lang/NoSuchMethodError'{0x0000000713234208}: 'int java.lang.invoke.DirectMethodHandle$Holder.invokeSpecialIFC(java.lang.Object, java.lang.Object, int)'> (0x0000000713234208) 
thrown [t:/workspace/open/src/hotspot/share/interpreter/linkResolver.cpp, line 767]
Event: 0.886 Thread 0x0000013a412e3800 Exception <a 'java/lang/NoSuchMethodError'{0x0000000713292cf0}: 'java.lang.Object java.lang.invoke.DirectMethodHandle$Holder.invokeStaticInit(java.lang.Object, java.lang.Object, java.lang.Object)'> (0x0000000713292cf0) 
thrown [t:/workspace/open/src/hotspot/share/interpreter/linkResolver.cpp, line 767]
Event: 0.887 Thread 0x0000013a412e3800 Exception <a 'java/lang/NoSuchMethodError'{0x0000000713299248}: 'void java.lang.invoke.DirectMethodHandle$Holder.invokeStaticInit(java.lang.Object, java.lang.Object, java.lang.Object)'> (0x0000000713299248) 
thrown [t:/workspace/open/src/hotspot/share/interpreter/linkResolver.cpp, line 767]
Event: 0.952 Thread 0x0000013a412e3800 Exception <a 'java/lang/NoSuchMethodError'{0x0000000712dd2790}: 'java.lang.Object java.lang.invoke.DirectMethodHandle$Holder.invokeSpecialIFC(java.lang.Object, java.lang.Object, java.lang.Object, java.lang.Object)'> (0x0000000712dd2790) 
thrown [t:/workspace/open/src/hotspot/share/interpreter/linkResolver.cpp, line 767]
Event: 0.973 Thread 0x0000013a412e3800 Exception <a 'java/lang/NoSuchMethodError'{0x0000000712b435f8}: 'java.lang.Object java.lang.invoke.Invokers$Holder.linkToTargetMethod(java.lang.Object, java.lang.Object, java.lang.Object, java.lang.Object, java.lang.Object, java.lang.Object)'> (0x0000000712b435f8) 
thrown [t:/workspace/open/src/hotspot/share/interpreter/linkResolver.cpp, line 767]
Event: 0.980 Thread 0x0000013a412e3800 Exception <a 'java/lang/IncompatibleClassChangeError'{0x0000000712bff908}: Found class java.lang.Object, but interface was expected> (0x0000000712bff908) 
thrown [t:/workspace/open/src/hotspot/share/interpreter/linkResolver.cpp, line 833]
Event: 0.987 Thread 0x0000013a412e3800 Exception <a 'java/lang/IncompatibleClassChangeError'{0x0000000712a4b788}: Found class java.lang.Object, but interface was expected> (0x0000000712a4b788) 
thrown [t:/workspace/open/src/hotspot/share/interpreter/linkResolver.cpp, line 833]
Event: 0.991 Thread 0x0000013a412e3800 Exception <a 'java/lang/NoSuchMethodError'{0x0000000712a90fa0}: 'void java.lang.invoke.DirectMethodHandle$Holder.invokeSpecial(java.lang.Object, java.lang.Object, java.lang.Object, java.lang.Object, java.lang.Object)'> (0x0000000712a90fa0) 
thrown [t:/workspace/open/src/hotspot/share/interpreter/linkResolver.cpp, line 767]
Event: 0.993 Thread 0x0000013a412e3800 Exception <a 'java/lang/NoSuchMethodError'{0x0000000712aad910}: 'void java.lang.invoke.DirectMethodHandle$Holder.invokeStatic(java.lang.Object, java.lang.Object, java.lang.Object, java.lang.Object)'> (0x0000000712aad910) 
thrown [t:/workspace/open/src/hotspot/share/interpreter/linkResolver.cpp, line 767]
Event: 1.015 Thread 0x0000013a412e3800 Exception <a 'java/lang/NoSuchMethodError'{0x0000000712711d28}: 'void java.lang.invoke.DirectMethodHandle$Holder.invokeInterface(java.lang.Object, java.lang.Object, java.lang.Object, java.lang.Object)'> (0x0000000712711d28) 
thrown [t:/workspace/open/src/hotspot/share/interpreter/linkResolver.cpp, line 767]
Event: 1.029 Thread 0x0000013a412e3800 Exception <a 'java/lang/NoSuchMethodError'{0x0000000712619d60}: 'java.lang.Object java.lang.invoke.DirectMethodHandle$Holder.invokeVirtual(java.lang.Object, java.lang.Object, java.lang.Object)'> (0x0000000712619d60) 
thrown [t:/workspace/open/src/hotspot/share/interpreter/linkResolver.cpp, line 767]
Event: 1.048 Thread 0x0000013a412e3800 Exception <a 'java/lang/IncompatibleClassChangeError'{0x00000007126ba960}: Found class java.lang.Object, but interface was expected> (0x00000007126ba960) 
thrown [t:/workspace/open/src/hotspot/share/interpreter/linkResolver.cpp, line 833]
Event: 1.083 Thread 0x0000013a412e3800 Exception <a 'java/lang/NoSuchMethodError'{0x00000007123d9890}: 'void java.lang.invoke.DirectMethodHandle$Holder.invokeSpecial(java.lang.Object, java.lang.Object)'> (0x00000007123d9890) 
thrown [t:/workspace/open/src/hotspot/share/interpreter/linkResolver.cpp, line 767]
Event: 1.098 Thread 0x0000013a412e3800 Exception <a 'java/lang/NoSuchMethodError'{0x00000007122d8f50}: 'int java.lang.invoke.DirectMethodHandle$Holder.invokeStatic(java.lang.Object, java.lang.Object, java.lang.Object, java.lang.Object, java.lang.Object)'> (0x00000007122d8f50) 
thrown [t:/workspace/open/src/hotspot/share/interpreter/linkResolver.cpp, line 767]
Event: 1.121 Thread 0x0000013a412e3800 Exception <a 'java/lang/NoSuchMethodError'{0x00000007120ff400}: 'int java.lang.invoke.DirectMethodHandle$Holder.invokeStaticInit(java.lang.Object, java.lang.Object, java.lang.Object)'> (0x00000007120ff400) 
thrown [t:/workspace/open/src/hotspot/share/interpreter/linkResolver.cpp, line 767]
Event: 1.141 Thread 0x0000013a412e3800 Exception <a 'java/lang/NoSuchMethodError'{0x0000000711e2ad10}: 'int java.lang.invoke.DirectMethodHandle$Holder.invokeStaticInit(java.lang.Object, java.lang.Object)'> (0x0000000711e2ad10) 
thrown [t:/workspace/open/src/hotspot/share/interpreter/linkResolver.cpp, line 767]
Event: 1.152 Thread 0x0000013a412e3800 Exception <a 'java/lang/NoSuchMethodError'{0x0000000711ed2e98}: 'java.lang.Object java.lang.invoke.DirectMethodHandle$Holder.invokeInterface(java.lang.Object, java.lang.Object, java.lang.Object, java.lang.Object, java.lang.Object)'> (0x0000000711ed2e98) 
thrown [t:/workspace/open/src/hotspot/share/interpreter/linkResolver.cpp, line 767]
Event: 1.152 Thread 0x0000013a412e3800 Exception <a 'java/lang/IncompatibleClassChangeError'{0x0000000711ed61a0}: Found class java.lang.Object, but interface was expected> (0x0000000711ed61a0) 
thrown [t:/workspace/open/src/hotspot/share/interpreter/linkResolver.cpp, line 833]
Event: 1.308 Thread 0x0000013a412e3800 Exception <a 'java/lang/ClassNotFoundException'{0x0000000710e24540}: javax/smartcardio/CardPermission> (0x0000000710e24540) 
thrown [t:/workspace/open/src/hotspot/share/classfile/systemDictionary.cpp, line 232]
Event: 1.312 Thread 0x0000013a412e3800 Exception <a 'java/io/FileNotFoundException'{0x0000000710e35688}> (0x0000000710e35688) 
thrown [t:/workspace/open/src/hotspot/share/prims/jni.cpp, line 598]

Events (20 events):
Event: 261.393 Executing VM operation: GetStackTrace
Event: 261.393 Executing VM operation: GetStackTrace done
Event: 261.436 Executing VM operation: get/set locals
Event: 261.436 Executing VM operation: get/set locals done
Event: 261.436 Executing VM operation: GetFrameLocation
Event: 261.437 Executing VM operation: GetFrameLocation done
Event: 261.437 Executing VM operation: get/set locals
Event: 261.437 Executing VM operation: get/set locals done
Event: 261.437 Executing VM operation: get/set locals
Event: 261.437 Executing VM operation: get/set locals done
Event: 352.256 Executing VM operation: RedefineClasses
Event: 352.267 Executing VM operation: RedefineClasses done
Event: 352.279 Executing VM operation: ChangeBreakpoints
Event: 352.280 Executing VM operation: ChangeBreakpoints done
Event: 352.281 Executing VM operation: GetFrameCount
Event: 352.281 Executing VM operation: GetFrameCount done
Event: 352.281 Executing VM operation: GetStackTrace
Event: 352.281 Executing VM operation: GetStackTrace done
Event: 352.517 Executing VM operation: GetFrameLocation
Event: 352.517 Executing VM operation: GetFrameLocation done


Dynamic libraries:
0x00007ff7fa970000 - 0x00007ff7fa97f000 	C:\Program Files\Java\jdk-13.0.2\bin\javaw.exe
0x00007fffa2fc0000 - 0x00007fffa31b0000 	C:\WINDOWS\SYSTEM32\ntdll.dll
0x00007fffa1100000 - 0x00007fffa11b2000 	C:\WINDOWS\System32\KERNEL32.DLL
0x00007fffa0a40000 - 0x00007fffa0ce3000 	C:\WINDOWS\System32\KERNELBASE.dll
0x00007fff9ff50000 - 0x00007fffa004a000 	C:\WINDOWS\System32\ucrtbase.dll
0x00007fff56580000 - 0x00007fff56598000 	C:\Program Files\Java\jdk-13.0.2\bin\jli.dll
0x00007fff56560000 - 0x00007fff56575000 	C:\Program Files\Java\jdk-13.0.2\bin\VCRUNTIME140.dll
0x00007fffa2e20000 - 0x00007fffa2ec3000 	C:\WINDOWS\System32\ADVAPI32.dll
0x00007fffa2110000 - 0x00007fffa21ae000 	C:\WINDOWS\System32\msvcrt.dll
0x00007fffa11c0000 - 0x00007fffa1257000 	C:\WINDOWS\System32\sechost.dll
0x00007fffa2350000 - 0x00007fffa2470000 	C:\WINDOWS\System32\RPCRT4.dll
0x00007fffa21b0000 - 0x00007fffa2344000 	C:\WINDOWS\System32\USER32.dll
0x00007fff8f1b0000 - 0x00007fff8f435000 	C:\WINDOWS\WinSxS\amd64_microsoft.windows.common-controls_6595b64144ccf1df_6.0.18362.720_none_e6beb5c51314836b\COMCTL32.dll
0x00007fffa0ea0000 - 0x00007fffa0ec1000 	C:\WINDOWS\System32\win32u.dll
0x00007fffa2600000 - 0x00007fffa2936000 	C:\WINDOWS\System32\combase.dll
0x00007fffa10d0000 - 0x00007fffa10f6000 	C:\WINDOWS\System32\GDI32.dll
0x00007fffa0e20000 - 0x00007fffa0ea0000 	C:\WINDOWS\System32\bcryptPrimitives.dll
0x00007fffa0ed0000 - 0x00007fffa1064000 	C:\WINDOWS\System32\gdi32full.dll
0x00007fffa0050000 - 0x00007fffa00ee000 	C:\WINDOWS\System32\msvcp_win.dll
0x00007fff93e00000 - 0x00007fff93e0a000 	C:\WINDOWS\SYSTEM32\VERSION.dll
0x00007fffa2ed0000 - 0x00007fffa2efe000 	C:\WINDOWS\System32\IMM32.DLL
0x00007fff500e0000 - 0x00007fff5017b000 	C:\Program Files\Java\jdk-13.0.2\bin\msvcp140.dll
0x00007fff50d50000 - 0x00007fff518ad000 	C:\Program Files\Java\jdk-13.0.2\bin\server\jvm.dll
0x00007fffa1d40000 - 0x00007fffa1d48000 	C:\WINDOWS\System32\PSAPI.DLL
0x00007fff50d40000 - 0x00007fff50d49000 	C:\WINDOWS\SYSTEM32\WSOCK32.dll
0x00007fff9dd20000 - 0x00007fff9dd44000 	C:\WINDOWS\SYSTEM32\WINMM.dll
0x00007fffa20a0000 - 0x00007fffa210f000 	C:\WINDOWS\System32\WS2_32.dll
0x00007fff9dcf0000 - 0x00007fff9dd1d000 	C:\WINDOWS\SYSTEM32\WINMMBASE.dll
0x00007fffa0da0000 - 0x00007fffa0dea000 	C:\WINDOWS\System32\cfgmgr32.dll
0x00007fff9fee0000 - 0x00007fff9fef1000 	C:\WINDOWS\System32\kernel.appcore.dll
0x00007fff50d30000 - 0x00007fff50d40000 	C:\Program Files\Java\jdk-13.0.2\bin\verify.dll
0x00007fff906b0000 - 0x00007fff908a4000 	C:\WINDOWS\SYSTEM32\DBGHELP.DLL
0x00007fff810d0000 - 0x00007fff810fa000 	C:\WINDOWS\SYSTEM32\dbgcore.DLL
0x00007fff50d00000 - 0x00007fff50d26000 	C:\Program Files\Java\jdk-13.0.2\bin\java.dll
0x00007fff8def0000 - 0x00007fff8df28000 	C:\Program Files\Java\jdk-13.0.2\bin\jdwp.dll
0x00007fff93b80000 - 0x00007fff93b8e000 	C:\Program Files\Java\jdk-13.0.2\bin\instrument.dll
0x00007fff50ce0000 - 0x00007fff50cf7000 	C:\Program Files\Java\jdk-13.0.2\bin\zip.dll
0x00007fff50cd0000 - 0x00007fff50cda000 	C:\Program Files\Java\jdk-13.0.2\bin\jimage.dll
0x00007fffa12c0000 - 0x00007fffa19a5000 	C:\WINDOWS\System32\SHELL32.dll
0x00007fffa1d50000 - 0x00007fffa1df9000 	C:\WINDOWS\System32\shcore.dll
0x00007fffa02a0000 - 0x00007fffa0a20000 	C:\WINDOWS\System32\windows.storage.dll
0x00007fff9feb0000 - 0x00007fff9fed3000 	C:\WINDOWS\System32\profapi.dll
0x00007fff9ff00000 - 0x00007fff9ff4a000 	C:\WINDOWS\System32\powrprof.dll
0x00007fff9fe80000 - 0x00007fff9fe90000 	C:\WINDOWS\System32\UMPDC.dll
0x00007fffa1e90000 - 0x00007fffa1ee2000 	C:\WINDOWS\System32\shlwapi.dll
0x00007fffa0a20000 - 0x00007fffa0a37000 	C:\WINDOWS\System32\cryptsp.dll
0x00007fff93b70000 - 0x00007fff93b7b000 	C:\Program Files\Java\jdk-13.0.2\bin\dt_socket.dll
0x00007fff9f6f0000 - 0x00007fff9f757000 	C:\WINDOWS\system32\mswsock.dll
0x00007fff9f440000 - 0x00007fff9f50a000 	C:\WINDOWS\SYSTEM32\DNSAPI.dll
0x00007fffa25f0000 - 0x00007fffa25f8000 	C:\WINDOWS\System32\NSI.dll
0x00007fff9f400000 - 0x00007fff9f43a000 	C:\WINDOWS\SYSTEM32\IPHLPAPI.DLL
0x00007fff99920000 - 0x00007fff9992a000 	C:\Windows\System32\rasadhlp.dll
0x00007fff9ba50000 - 0x00007fff9bac7000 	C:\WINDOWS\System32\fwpuclnt.dll
0x00007fffa0df0000 - 0x00007fffa0e16000 	C:\WINDOWS\System32\bcrypt.dll
0x00007fff50cb0000 - 0x00007fff50cc9000 	C:\Program Files\Java\jdk-13.0.2\bin\net.dll
0x00007fff9bf70000 - 0x00007fff9c061000 	C:\WINDOWS\SYSTEM32\WINHTTP.dll
0x00007fff50c90000 - 0x00007fff50ca3000 	C:\Program Files\Java\jdk-13.0.2\bin\nio.dll
0x00007fff9a2c0000 - 0x00007fff9a2d6000 	C:\WINDOWS\SYSTEM32\dhcpcsvc6.DLL
0x00007fff9a150000 - 0x00007fff9a16c000 	C:\WINDOWS\SYSTEM32\dhcpcsvc.DLL

dbghelp: loaded successfully - version: 4.0.5 - missing functions: none
symbol engine: initialized successfully - sym options: 0x614 - pdb path: .;C:\Program Files\Java\jdk-13.0.2\bin;C:\WINDOWS\SYSTEM32;C:\WINDOWS\WinSxS\amd64_microsoft.windows.common-controls_6595b64144ccf1df_6.0.18362.720_none_e6beb5c51314836b;C:\Program Files\Java\jdk-13.0.2\bin\server

VM Arguments:
jvm_args: -agentlib:jdwp=transport=dt_socket,suspend=y,address=localhost:64932 -ea -javaagent:C:\Users\AJ078442\eclipse\jee-2019-12\eclipse\configuration\org.eclipse.osgi\411\0\.cp\lib\javaagent-shaded.jar -Dfile.encoding=UTF-8 
java_command: org.eclipse.jdt.internal.junit.runner.RemoteTestRunner -version 3 -port 64930 -testLoaderClass org.eclipse.jdt.internal.junit5.runner.JUnit5TestLoader -loaderpluginname org.eclipse.jdt.junit5.runtime -classNames com.cerner.server.config.JwtAuthenticationEntryPointTest
java_class_path (initial): C:\Users\AJ078442\OneDrive - Cerner Corporation\Documents\spring-boot-jwt-JPA\spring-boot-jwt-JPA\target\test-classes;C:\Users\AJ078442\OneDrive - Cerner Corporation\Documents\spring-boot-jwt-JPA\spring-boot-jwt-JPA\target\classes;C:\Users\AJ078442\.m2\repository\javax\annotation\javax.annotation-api\1.3.2\javax.annotation-api-1.3.2.jar;C:\Users\AJ078442\.m2\repository\javax\validation\validation-api\2.0.1.Final\validation-api-2.0.1.Final.jar;C:\Users\AJ078442\.m2\repository\javax\transaction\javax.transaction-api\1.3\javax.transaction-api-1.3.jar;C:\Users\AJ078442\.m2\repository\javax\xml\bind\jaxb-api\2.3.1\jaxb-api-2.3.1.jar;C:\Users\AJ078442\.m2\repository\javax\activation\javax.activation-api\1.2.0\javax.activation-api-1.2.0.jar;C:\Users\AJ078442\.m2\repository\javax\persistence\javax.persistence-api\2.2\javax.persistence-api-2.2.jar;C:\Users\AJ078442\.m2\repository\org\springframework\boot\spring-boot-starter-web\2.1.1.RELEASE\spring-boot-starter-web-2.1.1.RELEASE.jar;C:\Users\AJ078442\.m2\repository\org\springframework\boot\spring-boot-starter\2.1.1.RELEASE\spring-boot-starter-2.1.1.RELEASE.jar;C:\Users\AJ078442\.m2\repository\org\springframework\boot\spring-boot\2.1.1.RELEASE\spring-boot-2.1.1.RELEASE.jar;C:\Users\AJ078442\.m2\repository\org\springframework\spring-core\5.1.3.RELEASE\spring-core-5.1.3.RELEASE.jar;C:\Users\AJ078442\.m2\repository\org\springframework\spring-jcl\5.1.3.RELEASE\spring-jcl-5.1.3.RELEASE.jar;C:\Users\AJ078442\.m2\repository\org\springframework\spring-context\5.1.3.RELEASE\spring-context-5.1.3.RELEASE.jar;C:\Users\AJ078442\.m2\repository\org\springframework\spring-aop\5.1.3.RELEASE\spring-aop-5.1.3.RELEASE.jar;C:\Users\AJ078442\.m2\repository\org\springframework\spring-beans\5.1.3.RELEASE\spring-beans-5.1.3.RELEASE.jar;C:\Users\AJ078442\.m2\repository\org\springframework\spring-expression\5.1.3.RELEASE\spring-expression-5.1.3.RELEASE.jar;C:\Users\AJ078442\.m2\repository\org\springframework\boot\spring-boo
Launcher Type: SUN_STANDARD

[Global flags]
     intx CICompilerCount                          = 4                                         {product} {ergonomic}
     uint ConcGCThreads                            = 2                                         {product} {ergonomic}
     uint G1ConcRefinementThreads                  = 8                                         {product} {ergonomic}
   size_t G1HeapRegionSize                         = 1048576                                   {product} {ergonomic}
    uintx GCDrainStackTargetSize                   = 64                                        {product} {ergonomic}
   size_t InitialHeapSize                          = 266338304                                 {product} {ergonomic}
   size_t MarkStackSize                            = 4194304                                   {product} {ergonomic}
   size_t MaxHeapSize                              = 4236247040                                {product} {ergonomic}
   size_t MaxNewSize                               = 2541748224                                {product} {ergonomic}
   size_t MinHeapDeltaBytes                        = 1048576                                   {product} {ergonomic}
   size_t MinHeapSize                              = 8388608                                   {product} {ergonomic}
    uintx NonNMethodCodeHeapSize                   = 5839372                                {pd product} {ergonomic}
    uintx NonProfiledCodeHeapSize                  = 122909434                              {pd product} {ergonomic}
    uintx ProfiledCodeHeapSize                     = 122909434                              {pd product} {ergonomic}
    uintx ReservedCodeCacheSize                    = 251658240                              {pd product} {ergonomic}
     bool SegmentedCodeCache                       = true                                      {product} {ergonomic}
   size_t SoftMaxHeapSize                          = 4236247040                             {manageable} {ergonomic}
     bool UseCompressedClassPointers               = true                                 {lp64_product} {ergonomic}
     bool UseCompressedOops                        = true                                 {lp64_product} {ergonomic}
     bool UseG1GC                                  = true                                      {product} {ergonomic}
     bool UseLargePagesIndividualAllocation        = false                                  {pd product} {ergonomic}

Logging:
Log output configuration:
 #0: stdout all=warning uptime,level,tags
 #1: stderr all=off uptime,level,tags

Environment Variables:
JAVA_HOME=C:\Program Files\Java\jdk-13.0.2
PATH=C:/Program Files/Java/jdk-13.0.2/bin/server;C:/Program Files/Java/jdk-13.0.2/bin;C:\Python27\;C:\Python27\Scripts;C:\WINDOWS\system32;C:\WINDOWS;C:\WINDOWS\System32\Wbem;C:\WINDOWS\System32\WindowsPowerShell\v1.0\;C:\WINDOWS\System32\OpenSSH\;C:\Program Files\Vbrick\nodejs;C:\Program Files\Git\cmd;C:\Program Files\Java\jdk-13.0.2\bin;C:\Program Files\nodejs\;C:\ProgramData\chocolatey\bin;C:\Program Files\MySQL\MySQL Shell 8.0\bin\;C:\Users\AJ078442\AppData\Local\Microsoft\WindowsApps;C:\Users\AJ078442\AppData\Roaming\npm;C:\Users\AJ078442\AppData\Local\Programs\Microsoft VS Code\bin;C:\Users\AJ078442\OneDrive - Cerner Corporation\Desktop;
USERNAME=AJ078442
OS=Windows_NT
PROCESSOR_IDENTIFIER=Intel64 Family 6 Model 142 Stepping 12, GenuineIntel



---------------  S Y S T E M  ---------------

OS: Windows 10 , 64 bit Build 18362 (10.0.18362.329)

CPU:total 8 (initial active 8) (4 cores per cpu, 2 threads per core) family 6 model 142 stepping 12, cmov, cx8, fxsr, mmx, sse, sse2, sse3, ssse3, sse4.1, sse4.2, popcnt, avx, avx2, aes, clmul, erms, 3dnowpref, lzcnt, ht, tsc, tscinvbit, bmi1, bmi2, adx, fma

Memory: 4k page, system-wide physical 16158M (8519M free)
TotalPageFile size 18590M (AvailPageFile size 9976M)
current process WorkingSet (physical memory assigned to process): 106M, peak: 158M
current process commit charge ("private bytes"): 363M, peak: 416M

vm_info: Java HotSpot(TM) 64-Bit Server VM (13.0.2+8) for windows-amd64 JRE (13.0.2+8), built on Dec 11 2019 09:20:33 by "mach5one" with unknown MS VC++:1916

END.
